<?xml version="1.0" encoding="UTF-8"?>
<!-- Generated by org.testng.reporters.JUnitReportReporter -->
<testsuite hostname="Phuongs-MBP" failures="0" tests="1" name="test.Day11_xpath_axes" time="12.428" errors="0" timestamp="2024-01-13T00:53:02 AEDT" skipped="0">
  <testcase classname="test.Day11_xpath_axes" name="f" time="12.428"/>
  <system-out/>
</testsuite> <!-- test.Day11_xpath_axes -->
